<?xml version="1.0" encoding="UTF-8"?>
<!-- Generated by org.testng.reporters.JUnitReportReporter -->
<testsuite skipped="0" hostname="TH1554" name="com.milvik.mip.passwordmanagement.testrunner.MIP_ForgotPassword_Test" tests="5" failures="0" timestamp="29 Mar 2018 10:04:39 GMT" time="10.362" errors="0">
  <testcase name="forgotPassThree" time="4.449" classname="com.milvik.mip.passwordmanagement.testrunner.MIP_ForgotPassword_Test"/>
  <testcase name="forgotPassFive" time="1.482" classname="com.milvik.mip.passwordmanagement.testrunner.MIP_ForgotPassword_Test"/>
  <testcase name="forgotPassFour" time="2.456" classname="com.milvik.mip.passwordmanagement.testrunner.MIP_ForgotPassword_Test"/>
  <testcase name="forgotPassTwo" time="1.263" classname="com.milvik.mip.passwordmanagement.testrunner.MIP_ForgotPassword_Test"/>
  <testcase name="forgotPassOne" time="0.712" classname="com.milvik.mip.passwordmanagement.testrunner.MIP_ForgotPassword_Test"/>
</testsuite> <!-- com.milvik.mip.passwordmanagement.testrunner.MIP_ForgotPassword_Test -->
