<?xml version="1.0" encoding="UTF-8"?>
<!-- Generated by org.testng.reporters.JUnitReportReporter -->
<testsuite skipped="0" hostname="TH1554" name="com.milvik.mip.smsmanagement.testrunner.MIP_EditSMS_Test" tests="1" failures="0" timestamp="29 Mar 2018 08:45:26 GMT" time="1.963" errors="0">
  <testcase name="editSMSSix" time="1.963" classname="com.milvik.mip.smsmanagement.testrunner.MIP_EditSMS_Test"/>
</testsuite> <!-- com.milvik.mip.smsmanagement.testrunner.MIP_EditSMS_Test -->
