<?xml version="1.0" encoding="UTF-8"?>
<!-- Generated by org.testng.reporters.JUnitReportReporter -->
<testsuite skipped="0" hostname="TH1554" name="com.milvik.mip.adminconfig.testrunner.MIP_AdminConfiguration_Test" tests="12" failures="0" timestamp="26 Mar 2018 08:36:58 GMT" time="17.629" errors="0">
  <testcase name="adminConfigThree" time="1.642" classname="com.milvik.mip.adminconfig.testrunner.MIP_AdminConfiguration_Test"/>
  <testcase name="adminConfigThree" time="1.580" classname="com.milvik.mip.adminconfig.testrunner.MIP_AdminConfiguration_Test"/>
  <testcase name="adminConfigOne" time="0.878" classname="com.milvik.mip.adminconfig.testrunner.MIP_AdminConfiguration_Test"/>
  <testcase name="adminConfigThree" time="1.726" classname="com.milvik.mip.adminconfig.testrunner.MIP_AdminConfiguration_Test"/>
  <testcase name="adminConfigThree" time="1.088" classname="com.milvik.mip.adminconfig.testrunner.MIP_AdminConfiguration_Test"/>
  <testcase name="adminConfigThree" time="1.069" classname="com.milvik.mip.adminconfig.testrunner.MIP_AdminConfiguration_Test"/>
  <testcase name="adminConfigThree" time="1.207" classname="com.milvik.mip.adminconfig.testrunner.MIP_AdminConfiguration_Test"/>
  <testcase name="adminConfigThree" time="1.088" classname="com.milvik.mip.adminconfig.testrunner.MIP_AdminConfiguration_Test"/>
  <testcase name="adminConfigThree" time="1.136" classname="com.milvik.mip.adminconfig.testrunner.MIP_AdminConfiguration_Test"/>
  <testcase name="adminConfigThree" time="1.067" classname="com.milvik.mip.adminconfig.testrunner.MIP_AdminConfiguration_Test"/>
  <testcase name="adminConfigThree" time="1.071" classname="com.milvik.mip.adminconfig.testrunner.MIP_AdminConfiguration_Test"/>
  <testcase name="adminConfigTwo" time="4.077" classname="com.milvik.mip.adminconfig.testrunner.MIP_AdminConfiguration_Test"/>
</testsuite> <!-- com.milvik.mip.adminconfig.testrunner.MIP_AdminConfiguration_Test -->
