<?xml version="1.0" encoding="UTF-8"?>
<!-- Generated by org.testng.reporters.JUnitReportReporter -->
<testsuite skipped="1" hostname="TH1554" name="com.milvik.mip.loginlogout.testrunner.MIP_Login_Test" tests="10" failures="0" timestamp="26 Mar 2018 06:48:51 GMT" time="10.515" errors="0">
  <testcase name="loginTestThree" time="0.329" classname="com.milvik.mip.loginlogout.testrunner.MIP_Login_Test"/>
  <testcase name="loginTestFour" time="0.359" classname="com.milvik.mip.loginlogout.testrunner.MIP_Login_Test"/>
  <testcase name="loginTestOne" time="2.976" classname="com.milvik.mip.loginlogout.testrunner.MIP_Login_Test"/>
  <testcase name="loginTestFour" time="0.788" classname="com.milvik.mip.loginlogout.testrunner.MIP_Login_Test"/>
  <testcase name="loginTestSix" time="0.700" classname="com.milvik.mip.loginlogout.testrunner.MIP_Login_Test"/>
  <testcase name="loginTestFour" time="0.391" classname="com.milvik.mip.loginlogout.testrunner.MIP_Login_Test"/>
  <testcase name="loginTestFour" time="1.366" classname="com.milvik.mip.loginlogout.testrunner.MIP_Login_Test"/>
  <testcase name="loginTestFour" time="0.839" classname="com.milvik.mip.loginlogout.testrunner.MIP_Login_Test"/>
  <testcase name="loginTestFive" time="2.767" classname="com.milvik.mip.loginlogout.testrunner.MIP_Login_Test"/>
  <testcase name="loginTestTwo" classname="com.milvik.mip.loginlogout.testrunner.MIP_Login_Test">
    <skipped/>
  </testcase> <!-- loginTestTwo -->
</testsuite> <!-- com.milvik.mip.loginlogout.testrunner.MIP_Login_Test -->
