<?xml version="1.0" encoding="UTF-8"?>
<!-- Generated by org.testng.reporters.JUnitReportReporter -->
<testsuite skipped="2" hostname="TH1554" name="com.milvik.mip.customermanagement.testrunner.MIP_DeRegisterCustomer_Test" tests="9" failures="0" timestamp="28 Mar 2018 04:24:25 GMT" time="15.747" errors="0">
  <testcase name="deRegCustOne" time="1.430" classname="com.milvik.mip.customermanagement.testrunner.MIP_DeRegisterCustomer_Test"/>
  <testcase name="deRegCustOne" time="0.898" classname="com.milvik.mip.customermanagement.testrunner.MIP_DeRegisterCustomer_Test"/>
  <testcase name="deRegCustOne" time="0.383" classname="com.milvik.mip.customermanagement.testrunner.MIP_DeRegisterCustomer_Test"/>
  <testcase name="deRegCustTwo" time="10.742" classname="com.milvik.mip.customermanagement.testrunner.MIP_DeRegisterCustomer_Test"/>
  <testcase name="deRegCustOne" time="0.943" classname="com.milvik.mip.customermanagement.testrunner.MIP_DeRegisterCustomer_Test"/>
  <testcase name="deRegCustOne" time="0.928" classname="com.milvik.mip.customermanagement.testrunner.MIP_DeRegisterCustomer_Test"/>
  <testcase name="deRegCustOne" time="0.423" classname="com.milvik.mip.customermanagement.testrunner.MIP_DeRegisterCustomer_Test"/>
  <testcase name="deRegCustFour" classname="com.milvik.mip.customermanagement.testrunner.MIP_DeRegisterCustomer_Test">
    <skipped/>
  </testcase> <!-- deRegCustFour -->
  <testcase name="deRegCustThree" classname="com.milvik.mip.customermanagement.testrunner.MIP_DeRegisterCustomer_Test">
    <skipped/>
  </testcase> <!-- deRegCustThree -->
</testsuite> <!-- com.milvik.mip.customermanagement.testrunner.MIP_DeRegisterCustomer_Test -->
