<?xml version="1.0" encoding="UTF-8"?>
<!-- Generated by org.testng.reporters.JUnitReportReporter -->
<testsuite skipped="0" hostname="TH1554" name="com.milvik.mip.rolemanagement.testrunner.MIP_ViewRole_Test" tests="8" failures="0" timestamp="26 Mar 2018 06:20:23 GMT" time="22.789" errors="0">
  <testcase name="viewRoleThree" time="3.195" classname="com.milvik.mip.rolemanagement.testrunner.MIP_ViewRole_Test"/>
  <testcase name="viewRoleOne" time="1.415" classname="com.milvik.mip.rolemanagement.testrunner.MIP_ViewRole_Test"/>
  <testcase name="viewRoleFour" time="6.554" classname="com.milvik.mip.rolemanagement.testrunner.MIP_ViewRole_Test"/>
  <testcase name="viewRoleTwo" time="1.844" classname="com.milvik.mip.rolemanagement.testrunner.MIP_ViewRole_Test"/>
  <testcase name="viewRoleThree" time="2.971" classname="com.milvik.mip.rolemanagement.testrunner.MIP_ViewRole_Test"/>
  <testcase name="viewRoleTwo" time="2.065" classname="com.milvik.mip.rolemanagement.testrunner.MIP_ViewRole_Test"/>
  <testcase name="viewRoleThree" time="2.980" classname="com.milvik.mip.rolemanagement.testrunner.MIP_ViewRole_Test"/>
  <testcase name="viewRoleTwo" time="1.765" classname="com.milvik.mip.rolemanagement.testrunner.MIP_ViewRole_Test"/>
</testsuite> <!-- com.milvik.mip.rolemanagement.testrunner.MIP_ViewRole_Test -->
