<?xml version="1.0" encoding="UTF-8"?>
<!-- Generated by org.testng.reporters.JUnitReportReporter -->
<testsuite skipped="0" hostname="TH1554" name="com.milvik.mip.usermanagement.testrunner.MIP_SearchUser_Test" tests="12" failures="0" timestamp="26 Mar 2018 05:58:34 GMT" time="17.004" errors="0">
  <testcase name="searchUserTwo" time="2.347" classname="com.milvik.mip.usermanagement.testrunner.MIP_SearchUser_Test"/>
  <testcase name="searchUserTwo" time="1.979" classname="com.milvik.mip.usermanagement.testrunner.MIP_SearchUser_Test"/>
  <testcase name="searchUserTwo" time="1.440" classname="com.milvik.mip.usermanagement.testrunner.MIP_SearchUser_Test"/>
  <testcase name="searchUserTwo" time="2.435" classname="com.milvik.mip.usermanagement.testrunner.MIP_SearchUser_Test"/>
  <testcase name="searchUserTwo" time="2.794" classname="com.milvik.mip.usermanagement.testrunner.MIP_SearchUser_Test"/>
  <testcase name="searchUserFour" time="0.964" classname="com.milvik.mip.usermanagement.testrunner.MIP_SearchUser_Test"/>
  <testcase name="searchUserThree" time="0.640" classname="com.milvik.mip.usermanagement.testrunner.MIP_SearchUser_Test"/>
  <testcase name="searchUserFour" time="0.899" classname="com.milvik.mip.usermanagement.testrunner.MIP_SearchUser_Test"/>
  <testcase name="searchUserFour" time="1.243" classname="com.milvik.mip.usermanagement.testrunner.MIP_SearchUser_Test"/>
  <testcase name="searchUserOne" time="0.176" classname="com.milvik.mip.usermanagement.testrunner.MIP_SearchUser_Test"/>
  <testcase name="searchUserTwo" time="1.337" classname="com.milvik.mip.usermanagement.testrunner.MIP_SearchUser_Test"/>
  <testcase name="searchUserFive" time="0.750" classname="com.milvik.mip.usermanagement.testrunner.MIP_SearchUser_Test"/>
</testsuite> <!-- com.milvik.mip.usermanagement.testrunner.MIP_SearchUser_Test -->
