<?xml version="1.0" encoding="UTF-8"?>
<!-- Generated by org.testng.reporters.JUnitReportReporter -->
<testsuite skipped="0" hostname="TH1554" name="com.milvik.mip.branchmanagement.testrunner.MIP_AddBranch_Test" tests="8" failures="0" timestamp="26 Mar 2018 09:51:40 GMT" time="7.671" errors="0">
  <testcase name="addBranchTwo" time="1.784" classname="com.milvik.mip.branchmanagement.testrunner.MIP_AddBranch_Test"/>
  <testcase name="addBranchThree" time="0.723" classname="com.milvik.mip.branchmanagement.testrunner.MIP_AddBranch_Test"/>
  <testcase name="addBranchThree" time="0.759" classname="com.milvik.mip.branchmanagement.testrunner.MIP_AddBranch_Test"/>
  <testcase name="addBranchThree" time="0.706" classname="com.milvik.mip.branchmanagement.testrunner.MIP_AddBranch_Test"/>
  <testcase name="addBranchOne" time="0.969" classname="com.milvik.mip.branchmanagement.testrunner.MIP_AddBranch_Test"/>
  <testcase name="addBranchThree" time="0.725" classname="com.milvik.mip.branchmanagement.testrunner.MIP_AddBranch_Test"/>
  <testcase name="addBranchThree" time="1.251" classname="com.milvik.mip.branchmanagement.testrunner.MIP_AddBranch_Test"/>
  <testcase name="addBranchThree" time="0.754" classname="com.milvik.mip.branchmanagement.testrunner.MIP_AddBranch_Test"/>
</testsuite> <!-- com.milvik.mip.branchmanagement.testrunner.MIP_AddBranch_Test -->
