<?xml version="1.0" encoding="UTF-8"?>
<!-- Generated by org.testng.reporters.JUnitReportReporter -->
<testsuite skipped="0" hostname="TH1554" name="com.milvik.mip.usermanagement.testrunner.MIP_ListUser_Test" tests="5" failures="0" timestamp="26 Mar 2018 05:58:34 GMT" time="69.415" errors="0">
  <testcase name="listUserThree" time="23.998" classname="com.milvik.mip.usermanagement.testrunner.MIP_ListUser_Test"/>
  <testcase name="listUserTwo" time="6.399" classname="com.milvik.mip.usermanagement.testrunner.MIP_ListUser_Test"/>
  <testcase name="listUserTwo" time="26.376" classname="com.milvik.mip.usermanagement.testrunner.MIP_ListUser_Test"/>
  <testcase name="listUserOne" time="3.058" classname="com.milvik.mip.usermanagement.testrunner.MIP_ListUser_Test"/>
  <testcase name="listUserThree" time="9.584" classname="com.milvik.mip.usermanagement.testrunner.MIP_ListUser_Test"/>
</testsuite> <!-- com.milvik.mip.usermanagement.testrunner.MIP_ListUser_Test -->
