<?xml version="1.0" encoding="UTF-8"?>
<!-- Generated by org.testng.reporters.JUnitReportReporter -->
<testsuite skipped="1" hostname="TH1554" name="com.milvik.mip.customermanagement.testrunner.MIP_Loyalty_Test" tests="8" failures="0" timestamp="28 Mar 2018 04:24:25 GMT" time="49.686" errors="0">
  <testcase name="loyaltyOne" time="1.814" classname="com.milvik.mip.customermanagement.testrunner.MIP_Loyalty_Test"/>
  <testcase name="loyaltyThree" time="4.701" classname="com.milvik.mip.customermanagement.testrunner.MIP_Loyalty_Test"/>
  <testcase name="loyaltyOne" time="14.008" classname="com.milvik.mip.customermanagement.testrunner.MIP_Loyalty_Test"/>
  <testcase name="loyaltyThree" time="9.980" classname="com.milvik.mip.customermanagement.testrunner.MIP_Loyalty_Test"/>
  <testcase name="loyaltyTwo" time="12.012" classname="com.milvik.mip.customermanagement.testrunner.MIP_Loyalty_Test"/>
  <testcase name="loyaltyThree" time="2.529" classname="com.milvik.mip.customermanagement.testrunner.MIP_Loyalty_Test"/>
  <testcase name="loyaltyOne" time="4.642" classname="com.milvik.mip.customermanagement.testrunner.MIP_Loyalty_Test"/>
  <testcase name="loyaltyFour" classname="com.milvik.mip.customermanagement.testrunner.MIP_Loyalty_Test">
    <skipped/>
  </testcase> <!-- loyaltyFour -->
</testsuite> <!-- com.milvik.mip.customermanagement.testrunner.MIP_Loyalty_Test -->
