<?xml version="1.0" encoding="UTF-8"?>
<!-- Generated by org.testng.reporters.JUnitReportReporter -->
<testsuite skipped="2" hostname="TH1554" name="com.milvik.mip.customermanagement.testrunner.MIP_CustRegistration_Test" tests="6" failures="0" timestamp="28 Mar 2018 04:24:25 GMT" time="52.529" errors="0">
  <testcase name="regCustOne" time="12.802" classname="com.milvik.mip.customermanagement.testrunner.MIP_CustRegistration_Test"/>
  <testcase name="regCustTwo" time="6.488" classname="com.milvik.mip.customermanagement.testrunner.MIP_CustRegistration_Test"/>
  <testcase name="regCustFive" time="17.707" classname="com.milvik.mip.customermanagement.testrunner.MIP_CustRegistration_Test"/>
  <testcase name="regCustFive" time="15.532" classname="com.milvik.mip.customermanagement.testrunner.MIP_CustRegistration_Test"/>
  <testcase name="regCustThree" classname="com.milvik.mip.customermanagement.testrunner.MIP_CustRegistration_Test">
    <skipped/>
  </testcase> <!-- regCustThree -->
  <testcase name="regCustFour" classname="com.milvik.mip.customermanagement.testrunner.MIP_CustRegistration_Test">
    <skipped/>
  </testcase> <!-- regCustFour -->
</testsuite> <!-- com.milvik.mip.customermanagement.testrunner.MIP_CustRegistration_Test -->
