<?xml version="1.0" encoding="UTF-8"?>
<!-- Generated by org.testng.reporters.JUnitReportReporter -->
<testsuite skipped="1" hostname="TH1554" name="com.milvik.mip.customermanagement.testrunner.MIP_CoverHistory_Test" tests="8" failures="0" timestamp="28 Mar 2018 04:24:25 GMT" time="30.986" errors="0">
  <testcase name="coverHistoryOne" time="0.386" classname="com.milvik.mip.customermanagement.testrunner.MIP_CoverHistory_Test"/>
  <testcase name="coverHistoryOne" time="0.396" classname="com.milvik.mip.customermanagement.testrunner.MIP_CoverHistory_Test"/>
  <testcase name="coverHistoryOne" time="14.833" classname="com.milvik.mip.customermanagement.testrunner.MIP_CoverHistory_Test"/>
  <testcase name="coverHistoryOne" time="0.362" classname="com.milvik.mip.customermanagement.testrunner.MIP_CoverHistory_Test"/>
  <testcase name="coverHistoryOne" time="0.935" classname="com.milvik.mip.customermanagement.testrunner.MIP_CoverHistory_Test"/>
  <testcase name="coverHistoryOne" time="0.900" classname="com.milvik.mip.customermanagement.testrunner.MIP_CoverHistory_Test"/>
  <testcase name="coverHistoryTwo" time="13.174" classname="com.milvik.mip.customermanagement.testrunner.MIP_CoverHistory_Test"/>
  <testcase name="coverHistoryThree" classname="com.milvik.mip.customermanagement.testrunner.MIP_CoverHistory_Test">
    <skipped/>
  </testcase> <!-- coverHistoryThree -->
</testsuite> <!-- com.milvik.mip.customermanagement.testrunner.MIP_CoverHistory_Test -->
