<?xml version="1.0" encoding="UTF-8"?>
<!-- Generated by org.testng.reporters.JUnitReportReporter -->
<testsuite skipped="0" hostname="TH1554" name="com.milvik.mip.leavemanagement.testrunner.MIP_ViewLeaves_Test" tests="3" failures="0" timestamp="26 Mar 2018 07:14:31 GMT" time="16.289" errors="0">
  <testcase name="viewLeavesOne" time="0.807" classname="com.milvik.mip.leavemanagement.testrunner.MIP_ViewLeaves_Test"/>
  <testcase name="viewLeavesTwo" time="7.471" classname="com.milvik.mip.leavemanagement.testrunner.MIP_ViewLeaves_Test"/>
  <testcase name="viewLeavesThree" time="8.011" classname="com.milvik.mip.leavemanagement.testrunner.MIP_ViewLeaves_Test"/>
</testsuite> <!-- com.milvik.mip.leavemanagement.testrunner.MIP_ViewLeaves_Test -->
