<?xml version="1.0" encoding="UTF-8"?>
<!-- Generated by org.testng.reporters.JUnitReportReporter -->
<testsuite skipped="0" hostname="TH1554" name="com.milvik.mip.passwordmanagement.testrunner.MIP_ChangePassword_Test" tests="6" failures="0" timestamp="26 Mar 2018 06:39:39 GMT" time="12.435" errors="0">
  <testcase name="changePassThree" time="1.529" classname="com.milvik.mip.passwordmanagement.testrunner.MIP_ChangePassword_Test"/>
  <testcase name="changePassOne" time="2.355" classname="com.milvik.mip.passwordmanagement.testrunner.MIP_ChangePassword_Test"/>
  <testcase name="changePassThree" time="1.488" classname="com.milvik.mip.passwordmanagement.testrunner.MIP_ChangePassword_Test"/>
  <testcase name="changePassThree" time="1.473" classname="com.milvik.mip.passwordmanagement.testrunner.MIP_ChangePassword_Test"/>
  <testcase name="changePassThree" time="1.545" classname="com.milvik.mip.passwordmanagement.testrunner.MIP_ChangePassword_Test"/>
  <testcase name="changePassFour" time="4.045" classname="com.milvik.mip.passwordmanagement.testrunner.MIP_ChangePassword_Test"/>
</testsuite> <!-- com.milvik.mip.passwordmanagement.testrunner.MIP_ChangePassword_Test -->
