<?xml version="1.0" encoding="UTF-8"?>
<!-- Generated by org.testng.reporters.JUnitReportReporter -->
<testsuite skipped="0" hostname="TH1554" name="com.milvik.mip.usermanagement.testrunner.MIP_ResetPassword_Test" tests="4" failures="0" timestamp="26 Mar 2018 05:58:34 GMT" time="8.814" errors="0">
  <testcase name="resetPasswordOne" time="0.730" classname="com.milvik.mip.usermanagement.testrunner.MIP_ResetPassword_Test"/>
  <testcase name="resetPasswordThree" time="1.236" classname="com.milvik.mip.usermanagement.testrunner.MIP_ResetPassword_Test"/>
  <testcase name="resetPasswordThree" time="0.416" classname="com.milvik.mip.usermanagement.testrunner.MIP_ResetPassword_Test"/>
  <testcase name="resetPasswordTwo" time="6.432" classname="com.milvik.mip.usermanagement.testrunner.MIP_ResetPassword_Test"/>
</testsuite> <!-- com.milvik.mip.usermanagement.testrunner.MIP_ResetPassword_Test -->
